<?xml version="1.0" encoding="UTF-8"?>
<!-- Generated by org.testng.reporters.JUnitReportReporter -->
<testsuite hostname="DESKTOP-PRI1S77" failures="0" tests="3" name="com.ActiTime.TestCases.loginTest" time="41.184" errors="0" timestamp="2021-02-17T15:26:51 IST" skipped="0">
  <testcase classname="com.ActiTime.TestCases.loginTest" name="login" time="12.546"/>
  <system-out/>
  <testcase classname="com.ActiTime.TestCases.loginTest" name="VerifyActitimeVersion" time="12.387"/>
  <system-out>
actiTime version is actiTIME 2017.4 build version is (build 39769) java version is 1.8.0_92-b14  </system-out>
  <testcase classname="com.ActiTime.TestCases.loginTest" name="VerifyActitimeVersion" time="16.251"/>
  <system-out>
actiTime version is actiTIME 2017.4 build version is (build 39769) java version is 1.8.0_92-b14  </system-out>
</testsuite> <!-- com.ActiTime.TestCases.loginTest -->
