<?xml version="1.0" encoding="UTF-8"?>
<!-- Generated by org.testng.reporters.JUnitReportReporter -->
<testsuite hostname="DESKTOP-PRI1S77" failures="0" tests="6" name="com.ActiTime.pom.demotest" time="0.032" errors="0" timestamp="2021-02-10T21:14:46 IST" skipped="0">
  <testcase classname="com.ActiTime.pom.demotest" name="test" time="0.004"/>
  <system-out/>
  <testcase classname="com.ActiTime.pom.demotest" name="test" time="0.002"/>
  <system-out/>
  <testcase classname="com.ActiTime.pom.demotest" name="test" time="0.003"/>
  <system-out/>
  <testcase classname="com.ActiTime.pom.demotest" name="test" time="0.004"/>
  <system-out/>
  <testcase classname="com.ActiTime.pom.demotest" name="test" time="0.015"/>
  <system-out/>
  <testcase classname="com.ActiTime.pom.demotest" name="test" time="0.004"/>
  <system-out/>
</testsuite> <!-- com.ActiTime.pom.demotest -->
