<?xml version="1.0" encoding="UTF-8"?>
<!-- Generated by org.testng.reporters.JUnitReportReporter -->
<testsuite hostname="DESKTOP-PRI1S77" failures="0" tests="1" name="com.ActiTime.TestCases.CreateChart" time="17.497" errors="0" timestamp="2021-02-12T15:09:41 IST" skipped="0">
  <testcase classname="com.ActiTime.TestCases.CreateChart" name="CreateNewChart" time="17.497"/>
  <system-out/>
</testsuite> <!-- com.ActiTime.TestCases.CreateChart -->
