<?xml version="1.0" encoding="UTF-8"?>
<!-- Generated by org.testng.reporters.JUnitReportReporter -->
<testsuite hostname="DESKTOP-PRI1S77" failures="0" tests="2" name="com.ActiTime.TestCases.loginTest" time="23.662" errors="0" timestamp="2021-02-09T23:02:23 IST" skipped="0">
  <testcase classname="com.ActiTime.TestCases.loginTest" name="login" time="10.518"/>
  <system-out/>
  <testcase classname="com.ActiTime.TestCases.loginTest" name="VerifyActitimeVersion" time="13.144"/>
  <system-out>
actiTime version is actiTIME 2017.4 build version is (build 39769) java version is 1.8.0_92-b14  </system-out>
</testsuite> <!-- com.ActiTime.TestCases.loginTest -->
