<?xml version="1.0" encoding="UTF-8"?>
<!-- Generated by org.testng.reporters.JUnitReportReporter -->
<testsuite hostname="DESKTOP-PRI1S77" failures="0" tests="3" name="com.ActiTime.TestCases.loginTest" time="24.652" errors="0" timestamp="2021-02-12T09:40:36 IST" skipped="2">
  <testcase classname="com.ActiTime.TestCases.loginTest" name="CreateUser" time="24.652"/>
  <system-out/>
  <testcase classname="com.ActiTime.TestCases.loginTest" name="VerifyActitimeVersion">
    <skipped/>
  </testcase> <!-- VerifyActitimeVersion -->
  <system-out/>
  <testcase classname="com.ActiTime.TestCases.loginTest" name="login">
    <skipped/>
  </testcase> <!-- login -->
  <system-out/>
</testsuite> <!-- com.ActiTime.TestCases.loginTest -->
