<?xml version="1.0" encoding="UTF-8"?>
<!-- Generated by org.testng.reporters.JUnitReportReporter -->
<testsuite hostname="DESKTOP-PRI1S77" failures="0" tests="1" name="com.ActiTime.TestCases.Demo" time="0.022" errors="0" timestamp="2021-02-09T15:07:15 IST" skipped="0">
  <testcase classname="com.ActiTime.TestCases.Demo" name="test" time="0.022"/>
  <system-out/>
</testsuite> <!-- com.ActiTime.TestCases.Demo -->
